<?xml version="1.0" encoding="UTF-8"?>
<!-- Generated by org.testng.reporters.JUnitXMLReporter -->
<testsuite ignored="0" hostname="DESKTOP-9STP60L" failures="1" tests="3" name="Test" time="27.733" errors="0" timestamp="2023-07-01T10:17:30 IST">
  <testcase classname="testPolicyBazzar.POL_TC_1234_ValidatingPersonalDetails" name="validatingProfilePageURL" time="2.527">
    <failure type="java.lang.AssertionError" message="TC is failed expected [ttps://myaccount.policybazaar.com/profile] but found [https://myaccount.policybazaar.com/profile]">
      <![CDATA[java.lang.AssertionError: TC is failed expected [ttps://myaccount.policybazaar.com/profile] but found [https://myaccount.policybazaar.com/profile]
at testPolicyBazzar.POL_TC_1234_ValidatingPersonalDetails.validatingProfilePageURL(POL_TC_1234_ValidatingPersonalDetails.java:62)
at java.base/java.util.ArrayList.forEach(ArrayList.java:1511)
... Removed 32 stack frames]]>
    </failure>
  </testcase> <!-- validatingProfilePageURL -->
  <testcase classname="testPolicyBazzar.POL_TC_1234_ValidatingPersonalDetails" name="validatingUserName" time="0.401"/>
  <testcase classname="testPolicyBazzar.POL_TC_1234_ValidatingPersonalDetails" name="validatingEmailID" time="0.148"/>
</testsuite> <!-- Test -->
