<?xml version="1.0" encoding="UTF-8"?>
<!-- Generated by org.testng.reporters.JUnitXMLReporter -->
<testsuite ignored="0" hostname="DESKTOP-9STP60L" failures="1" tests="4" name="Test" time="28.254" errors="0" timestamp="2023-07-05T12:38:22 IST">
  <testcase classname="testPolicyBazzar.POL_TC_1234_ValidatingPersonalDetails" name="validatingProfilePageURL" time="3.714"/>
  <testcase classname="testPolicyBazzar.POL_TC_1234_ValidatingPersonalDetails" name="validatingFemaleRadioSelection" time="0.14">
    <failure type="java.lang.AssertionError" message="Value is false expected [true] but found [false]">
      <![CDATA[java.lang.AssertionError: Value is false expected [true] but found [false]
at testPolicyBazzar.POL_TC_1234_ValidatingPersonalDetails.validatingFemaleRadioSelection(POL_TC_1234_ValidatingPersonalDetails.java:87)
at java.base/java.util.ArrayList.forEach(ArrayList.java:1511)
... Removed 34 stack frames]]>
    </failure>
  </testcase> <!-- validatingFemaleRadioSelection -->
  <testcase classname="testPolicyBazzar.POL_TC_1234_ValidatingPersonalDetails" name="validatingUserName" time="0.29"/>
  <testcase classname="testPolicyBazzar.POL_TC_1234_ValidatingPersonalDetails" name="validatingEmailID" time="0.191"/>
</testsuite> <!-- Test -->
